<?xml version="1.0" encoding="UTF-8"?>
<!-- Generated by org.testng.reporters.JUnitReportReporter -->
<testsuite hostname="DESKTOP-0IPMAIC" name="Testcases.TestCase_1" tests="1" failures="0" timestamp="17 Sep 2020 12:14:52 GMT" time="37.689" errors="0">
  <testcase name="Execute" time="37.689" classname="Testcases.TestCase_1"/>
</testsuite> <!-- Testcases.TestCase_1 -->
