<?xml version="1.0" encoding="UTF-8"?>
<!-- Generated by org.testng.reporters.JUnitReportReporter -->
<testsuite hostname="DESKTOP-0IPMAIC" name="Testcases.TestCase_2" tests="1" failures="0" timestamp="25 Jul 2020 17:39:03 GMT" time="27.511" errors="0">
  <testcase name="Execute_2" time="27.511" classname="Testcases.TestCase_2"/>
</testsuite> <!-- Testcases.TestCase_2 -->
